WeaverProjetc/build/outputs/logs/manifest-merger-debug-report.txt
-- Merging decision tree log ---
manifest
ADDED from src/main/AndroidManifest.xml:9:1-116:12
	xmlns:android
		ADDED from src/main/AndroidManifest.xml:9:11-69
	package
		ADDED from src/main/AndroidManifest.xml:10:5-31
		INJECTED from src/main/AndroidManifest.xml
		INJECTED from src/main/AndroidManifest.xml
	android:versionName
		ADDED from src/main/AndroidManifest.xml:12:5-30
		INJECTED from src/main/AndroidManifest.xml
		INJECTED from src/main/AndroidManifest.xml
	android:versionCode
		ADDED from src/main/AndroidManifest.xml:11:5-29
		INJECTED from src/main/AndroidManifest.xml
		INJECTED from src/main/AndroidManifest.xml
uses-permission#android.permission.INTERNET
ADDED from src/main/AndroidManifest.xml:14:5-67
	android:name
		ADDED from src/main/AndroidManifest.xml:14:22-64
uses-permission#android.permission.ACCESS_NETWORK_STATE
ADDED from src/main/AndroidManifest.xml:15:5-79
	android:name
		ADDED from src/main/AndroidManifest.xml:15:22-76
uses-permission#android.permission.ACCESS_COARSE_LOCATION
ADDED from src/main/AndroidManifest.xml:16:5-81
	android:name
		ADDED from src/main/AndroidManifest.xml:16:22-78
uses-permission#android.permission.ACCESS_FINE_LOCATION
ADDED from src/main/AndroidManifest.xml:17:5-79
	android:name
		ADDED from src/main/AndroidManifest.xml:17:22-76
uses-permission#android.permission.WAKE_LOCK
ADDED from src/main/AndroidManifest.xml:18:5-68
	android:name
		ADDED from src/main/AndroidManifest.xml:18:22-65
uses-permission#android.permission.VIBRATE
ADDED from src/main/AndroidManifest.xml:19:5-66
	android:name
		ADDED from src/main/AndroidManifest.xml:19:22-63
uses-permission#android.permission.GET_ACCOUNTS
ADDED from src/main/AndroidManifest.xml:20:5-71
	android:name
		ADDED from src/main/AndroidManifest.xml:20:22-68
uses-permission#com.google.android.c2dm.permission.RECEIVE
ADDED from src/main/AndroidManifest.xml:21:5-82
	android:name
		ADDED from src/main/AndroidManifest.xml:21:22-79
uses-permission#com.parse.weaver.permission.C2D_MESSAGE
ADDED from src/main/AndroidManifest.xml:22:5-79
	android:name
		ADDED from src/main/AndroidManifest.xml:22:22-76
permission#com.parse.weaver.permission.C2D_MESSAGE
ADDED from src/main/AndroidManifest.xml:28:5-30:47
	android:protectionLevel
		ADDED from src/main/AndroidManifest.xml:30:9-44
	android:name
		ADDED from src/main/AndroidManifest.xml:29:9-63
application
ADDED from src/main/AndroidManifest.xml:32:5-114:19
MERGED from [com.android.support:appcompat-v7:22.2.1] AndroidManifest.xml:22:5-20
MERGED from [com.android.support:support-v4:23.0.1] AndroidManifest.xml:22:5-20
MERGED from [com.android.support:design:22.2.1] AndroidManifest.xml:22:5-20
MERGED from [com.android.support:appcompat-v7:22.2.1] AndroidManifest.xml:22:5-20
MERGED from [com.android.support:support-v4:23.0.1] AndroidManifest.xml:22:5-20
MERGED from [com.android.support:support-v4:23.0.1] AndroidManifest.xml:22:5-20
MERGED from [com.facebook.android:facebook-android-sdk:4.8.2] AndroidManifest.xml:28:5-20
MERGED from [com.android.support:support-v4:23.0.1] AndroidManifest.xml:22:5-20
MERGED from [com.android.support:support-v4:23.0.1] AndroidManifest.xml:22:5-20
	android:label
		ADDED from src/main/AndroidManifest.xml:36:9-41
	android:allowBackup
		ADDED from src/main/AndroidManifest.xml:34:9-35
	android:icon
		ADDED from src/main/AndroidManifest.xml:35:9-43
	android:theme
		ADDED from src/main/AndroidManifest.xml:37:9-40
	android:name
		ADDED from src/main/AndroidManifest.xml:33:9-42
meta-data#com.parse.APPLICATION_ID
ADDED from src/main/AndroidManifest.xml:38:9-40:52
	android:name
		ADDED from src/main/AndroidManifest.xml:39:13-52
	android:value
		ADDED from src/main/AndroidManifest.xml:40:13-49
meta-data#com.parse.CLIENT_KEY
ADDED from src/main/AndroidManifest.xml:41:9-43:56
	android:name
		ADDED from src/main/AndroidManifest.xml:42:13-48
	android:value
		ADDED from src/main/AndroidManifest.xml:43:13-53
meta-data#com.facebook.sdk.ApplicationId
ADDED from src/main/AndroidManifest.xml:44:9-46:55
	android:name
		ADDED from src/main/AndroidManifest.xml:45:13-58
	android:value
		ADDED from src/main/AndroidManifest.xml:46:13-52
activity#com.parse.weaver.DispatchActivity
ADDED from src/main/AndroidManifest.xml:48:9-56:20
	android:noHistory
		ADDED from src/main/AndroidManifest.xml:50:13-37
	android:name
		ADDED from src/main/AndroidManifest.xml:49:13-45
intent-filter#android.intent.action.MAIN+android.intent.category.LAUNCHER
ADDED from src/main/AndroidManifest.xml:51:13-55:29
action#android.intent.action.MAIN
ADDED from src/main/AndroidManifest.xml:52:17-69
	android:name
		ADDED from src/main/AndroidManifest.xml:52:25-66
category#android.intent.category.LAUNCHER
ADDED from src/main/AndroidManifest.xml:54:17-77
	android:name
		ADDED from src/main/AndroidManifest.xml:54:27-74
activity#com.parse.weaver.MainActivity
ADDED from src/main/AndroidManifest.xml:57:9-59:48
	android:label
		ADDED from src/main/AndroidManifest.xml:59:13-45
	android:name
		ADDED from src/main/AndroidManifest.xml:58:13-41
activity#com.parse.weaver.SignupActivity
ADDED from src/main/AndroidManifest.xml:60:9-63:55
	android:windowSoftInputMode
		ADDED from src/main/AndroidManifest.xml:63:13-52
	android:label
		ADDED from src/main/AndroidManifest.xml:62:13-58
	android:name
		ADDED from src/main/AndroidManifest.xml:61:13-43
activity#com.parse.weaver.LoginActivity
ADDED from src/main/AndroidManifest.xml:64:9-66:55
	android:windowSoftInputMode
		ADDED from src/main/AndroidManifest.xml:66:13-52
	android:name
		ADDED from src/main/AndroidManifest.xml:65:13-42
activity#com.parse.weaver.SettingsActivity
ADDED from src/main/AndroidManifest.xml:67:9-69:55
	android:windowSoftInputMode
		ADDED from src/main/AndroidManifest.xml:69:13-52
	android:name
		ADDED from src/main/AndroidManifest.xml:68:13-45
activity#com.parse.weaver.WelcomeActivity
ADDED from src/main/AndroidManifest.xml:70:9-72:62
	android:label
		ADDED from src/main/AndroidManifest.xml:72:13-59
	android:name
		ADDED from src/main/AndroidManifest.xml:71:13-44
activity#com.parse.weaver.NeedTakeoverActivity
ADDED from src/main/AndroidManifest.xml:73:9-58
	android:name
		ADDED from src/main/AndroidManifest.xml:73:19-55
activity#com.parse.weaver.PasswordForgottenActivity
ADDED from src/main/AndroidManifest.xml:74:9-77:59
	android:label
		ADDED from src/main/AndroidManifest.xml:76:13-70
	android:theme
		ADDED from src/main/AndroidManifest.xml:77:13-56
	android:name
		ADDED from src/main/AndroidManifest.xml:75:13-54
activity#com.parse.weaver.FreeTimeActivity
ADDED from src/main/AndroidManifest.xml:78:9-82:59
	android:windowSoftInputMode
		ADDED from src/main/AndroidManifest.xml:81:13-52
	android:label
		ADDED from src/main/AndroidManifest.xml:80:13-61
	android:theme
		ADDED from src/main/AndroidManifest.xml:82:13-56
	android:name
		ADDED from src/main/AndroidManifest.xml:79:13-45
activity#com.parse.weaver.TermsActivity
ADDED from src/main/AndroidManifest.xml:83:9-87:20
	android:label
		ADDED from src/main/AndroidManifest.xml:85:13-57
	android:theme
		ADDED from src/main/AndroidManifest.xml:86:13-56
	android:name
		ADDED from src/main/AndroidManifest.xml:84:13-42
service#com.parse.PushService
ADDED from src/main/AndroidManifest.xml:90:9-57
	android:name
		ADDED from src/main/AndroidManifest.xml:90:18-54
receiver#com.parse.ParsePushBroadcastReceiver
ADDED from src/main/AndroidManifest.xml:92:9-100:20
	android:exported
		ADDED from src/main/AndroidManifest.xml:94:13-37
	android:name
		ADDED from src/main/AndroidManifest.xml:93:13-64
intent-filter#com.parse.push.intent.DELETE+com.parse.push.intent.OPEN+com.parse.push.intent.RECEIVE
ADDED from src/main/AndroidManifest.xml:95:13-99:29
action#com.parse.push.intent.RECEIVE
ADDED from src/main/AndroidManifest.xml:96:17-72
	android:name
		ADDED from src/main/AndroidManifest.xml:96:25-69
action#com.parse.push.intent.DELETE
ADDED from src/main/AndroidManifest.xml:97:17-71
	android:name
		ADDED from src/main/AndroidManifest.xml:97:25-68
action#com.parse.push.intent.OPEN
ADDED from src/main/AndroidManifest.xml:98:17-69
	android:name
		ADDED from src/main/AndroidManifest.xml:98:25-66
receiver#com.parse.GcmBroadcastReceiver
ADDED from src/main/AndroidManifest.xml:101:9-111:20
	android:permission
		ADDED from src/main/AndroidManifest.xml:103:13-73
	android:name
		ADDED from src/main/AndroidManifest.xml:102:13-58
intent-filter#com.google.android.c2dm.intent.RECEIVE+com.google.android.c2dm.intent.REGISTRATION+com.parse.weaver
ADDED from src/main/AndroidManifest.xml:104:13-110:29
action#com.google.android.c2dm.intent.RECEIVE
ADDED from src/main/AndroidManifest.xml:105:17-81
	android:name
		ADDED from src/main/AndroidManifest.xml:105:25-78
action#com.google.android.c2dm.intent.REGISTRATION
ADDED from src/main/AndroidManifest.xml:106:17-86
	android:name
		ADDED from src/main/AndroidManifest.xml:106:25-83
category#com.parse.weaver
ADDED from src/main/AndroidManifest.xml:109:17-61
	android:name
		ADDED from src/main/AndroidManifest.xml:109:27-58
uses-sdk
INJECTED from src/main/AndroidManifest.xml reason: use-sdk injection requested
MERGED from [com.android.support:appcompat-v7:22.2.1] AndroidManifest.xml:20:5-43
MERGED from [com.android.support:support-v4:23.0.1] AndroidManifest.xml:20:5-43
MERGED from [com.android.support:design:22.2.1] AndroidManifest.xml:20:5-43
MERGED from [com.android.support:appcompat-v7:22.2.1] AndroidManifest.xml:20:5-43
MERGED from [com.android.support:support-v4:23.0.1] AndroidManifest.xml:20:5-43
MERGED from [com.android.support:support-v4:23.0.1] AndroidManifest.xml:20:5-43
MERGED from [com.facebook.android:facebook-android-sdk:4.8.2] AndroidManifest.xml:24:5-26:41
MERGED from [com.android.support:support-v4:23.0.1] AndroidManifest.xml:20:5-43
MERGED from [com.android.support:multidex:1.0.1] AndroidManifest.xml:18:5-42
MERGED from [com.android.support:support-v4:23.0.1] AndroidManifest.xml:20:5-43
	android:targetSdkVersion
		INJECTED from src/main/AndroidManifest.xml
		INJECTED from src/main/AndroidManifest.xml
	android:minSdkVersion
		INJECTED from src/main/AndroidManifest.xml
		INJECTED from src/main/AndroidManifest.xml